<?xml version="1.0" encoding="UTF-8"?>
<testng-results ignored="3" total="5" passed="2" failed="0" skipped="0">
  <reporter-output>
  </reporter-output>
  <suite started-at="2023-07-12T01:11:26Z" name="Suite" finished-at="2023-07-12T01:11:55Z" duration-ms="29630">
    <groups>
      <group name="Purchase">
        <method signature="SubmitOrderTest.submitOrder(java.util.HashMap)[pri:0, instance:nTech.SeleniumFrameworkDesign.SubmitOrderTest@60129b9a]" name="submitOrder" class="nTech.SeleniumFrameworkDesign.SubmitOrderTest"/>
      </group> <!-- Purchase -->
    </groups>
    <test started-at="2023-07-12T01:11:26Z" name="Error Validations Test" finished-at="2023-07-12T01:11:26Z" duration-ms="3">
    </test> <!-- Error Validations Test -->
    <test started-at="2023-07-12T01:11:26Z" name="Submit Order Test" finished-at="2023-07-12T01:11:55Z" duration-ms="29630">
      <class name="nTech.SeleniumFrameworkDesign.SubmitOrderTest">
        <test-method is-config="true" signature="launchApplication()[pri:0, instance:nTech.SeleniumFrameworkDesign.SubmitOrderTest@60129b9a]" started-at="2023-07-12T01:11:26Z" name="launchApplication" finished-at="2023-07-12T01:11:38Z" duration-ms="12269" status="PASS">
          <reporter-output>
          </reporter-output>
        </test-method> <!-- launchApplication -->
        <test-method signature="submitOrder(java.util.HashMap)[pri:0, instance:nTech.SeleniumFrameworkDesign.SubmitOrderTest@60129b9a]" started-at="2023-07-12T01:11:38Z" name="submitOrder" data-provider="getData" finished-at="2023-07-12T01:11:44Z" duration-ms="6002" status="PASS">
          <params>
            <param index="0">
              <value>
                <![CDATA[{password=Jelly@123, product=ADIDAS ORIGINAL, email=nuwan@gmail.com}]]>
              </value>
            </param>
          </params>
          <reporter-output>
          </reporter-output>
        </test-method> <!-- submitOrder -->
        <test-method is-config="true" signature="closeBrowser()[pri:0, instance:nTech.SeleniumFrameworkDesign.SubmitOrderTest@60129b9a]" started-at="2023-07-12T01:11:44Z" name="closeBrowser" finished-at="2023-07-12T01:11:44Z" duration-ms="85" status="PASS">
          <reporter-output>
          </reporter-output>
        </test-method> <!-- closeBrowser -->
        <test-method is-config="true" signature="launchApplication()[pri:0, instance:nTech.SeleniumFrameworkDesign.SubmitOrderTest@60129b9a]" started-at="2023-07-12T01:11:44Z" name="launchApplication" finished-at="2023-07-12T01:11:50Z" duration-ms="5180" status="PASS">
          <reporter-output>
          </reporter-output>
        </test-method> <!-- launchApplication -->
        <test-method signature="submitOrder(java.util.HashMap)[pri:0, instance:nTech.SeleniumFrameworkDesign.SubmitOrderTest@60129b9a]" started-at="2023-07-12T01:11:50Z" name="submitOrder" data-provider="getData" finished-at="2023-07-12T01:11:55Z" duration-ms="5715" status="PASS">
          <params>
            <param index="0">
              <value>
                <![CDATA[{password=Kitkat123, product=ZARA COAT 3, email=nethkantha@gmail.com}]]>
              </value>
            </param>
          </params>
          <reporter-output>
          </reporter-output>
        </test-method> <!-- submitOrder -->
        <test-method is-config="true" signature="closeBrowser()[pri:0, instance:nTech.SeleniumFrameworkDesign.SubmitOrderTest@60129b9a]" started-at="2023-07-12T01:11:55Z" name="closeBrowser" finished-at="2023-07-12T01:11:55Z" duration-ms="81" status="PASS">
          <reporter-output>
          </reporter-output>
        </test-method> <!-- closeBrowser -->
      </class> <!-- nTech.SeleniumFrameworkDesign.SubmitOrderTest -->
    </test> <!-- Submit Order Test -->
  </suite> <!-- Suite -->
</testng-results>
