<?xml version="1.0" encoding="UTF-8"?>
<!-- Generated by org.testng.reporters.JUnitXMLReporter -->
<testsuite ignored="0" hostname="Dell_16_Nuwan" failures="1" tests="4" name="Error Validations Test" time="39.835" errors="0" timestamp="20 Jul 2023 03:04:53 GMT">
  <testcase classname="nTech.SeleniumFrameworkDesign.ErrorValidationsTest" name="LoginErrorValidation" time="1.137">
    <skipped/>
  </testcase> <!-- LoginErrorValidation -->
  <testcase classname="nTech.SeleniumFrameworkDesign.ErrorValidationsTest" name="LoginErrorValidation" time="1.1">
    <skipped/>
  </testcase> <!-- LoginErrorValidation -->
  <testcase classname="nTech.SeleniumFrameworkDesign.ErrorValidationsTest" name="LoginErrorValidation" time="0.579">
    <failure type="java.lang.AssertionError" message="expected [Incorrect email password.] but found [Incorrect email or password.]">
      <![CDATA[java.lang.AssertionError: expected [Incorrect email password.] but found [Incorrect email or password.]
at nTech.SeleniumFrameworkDesign.ErrorValidationsTest.LoginErrorValidation(ErrorValidationsTest.java:24)
at java.base/java.util.concurrent.FutureTask.run(FutureTask.java:264)
at java.base/java.util.concurrent.ThreadPoolExecutor.runWorker(ThreadPoolExecutor.java:1136)
at java.base/java.util.concurrent.ThreadPoolExecutor$Worker.run(ThreadPoolExecutor.java:635)
at java.base/java.lang.Thread.run(Thread.java:833)
... Removed 22 stack frames]]>
    </failure>
  </testcase> <!-- LoginErrorValidation -->
  <testcase classname="nTech.SeleniumFrameworkDesign.ErrorValidationsTest" name="ProductErrorValidation" time="4.229"/>
</testsuite> <!-- Error Validations Test -->
