<?xml version="1.0" encoding="UTF-8"?>
<!-- Generated by org.testng.reporters.JUnitXMLReporter -->
<testsuite ignored="0" hostname="Dell_16_Nuwan" failures="0" tests="3" name="Submit Order Test" time="38.632" errors="0" timestamp="31 Jul 2023 18:31:16 GMT">
  <testcase classname="nTech.SeleniumFrameworkDesign.SubmitOrderTest" name="submitOrder" time="5.733"/>
  <testcase classname="nTech.SeleniumFrameworkDesign.SubmitOrderTest" name="submitOrder" time="5.778"/>
  <testcase classname="nTech.SeleniumFrameworkDesign.SubmitOrderTest" name="OrderHistoryTest" time="1.093"/>
</testsuite> <!-- Submit Order Test -->
