<?xml version="1.0" encoding="UTF-8"?>
<testng-results skipped="0" failed="0" ignored="0" total="1" passed="1">
  <reporter-output>
  </reporter-output>
  <suite name="Surefire suite" duration-ms="17879" started-at="2023-08-17T15:22:07Z" finished-at="2023-08-17T15:22:24Z">
    <groups>
      <group name="cucumber">
        <method signature="AbstractTestNGCucumberTests.runScenario(io.cucumber.testng.PickleWrapper, io.cucumber.testng.FeatureWrapper)[pri:0, instance:cucumber.TestNGTestRunner@56ac3a89]" name="runScenario" class="io.cucumber.testng.AbstractTestNGCucumberTests"/>
      </group> <!-- cucumber -->
    </groups>
    <test name="Surefire test" duration-ms="17879" started-at="2023-08-17T15:22:07Z" finished-at="2023-08-17T15:22:24Z">
      <class name="cucumber.TestNGTestRunner">
        <test-method status="PASS" signature="setUpClass(org.testng.ITestContext)[pri:0, instance:cucumber.TestNGTestRunner@56ac3a89]" name="setUpClass" is-config="true" duration-ms="525" started-at="2023-08-17T15:22:07Z" finished-at="2023-08-17T15:22:07Z">
          <params>
            <param index="0">
              <value>
                <![CDATA[org.testng.TestRunner@2d272b0d]]>
              </value>
            </param>
          </params>
          <reporter-output>
          </reporter-output>
        </test-method> <!-- setUpClass -->
        <test-method status="PASS" signature="runScenario(io.cucumber.testng.PickleWrapper, io.cucumber.testng.FeatureWrapper)[pri:0, instance:cucumber.TestNGTestRunner@56ac3a89]" name="runScenario" duration-ms="17303" started-at="2023-08-17T15:22:07Z" description="Runs Cucumber Scenarios" data-provider="scenarios" finished-at="2023-08-17T15:22:24Z">
          <params>
            <param index="0">
              <value>
                <![CDATA["Title of your scenario outline"]]>
              </value>
            </param>
            <param index="1">
              <value>
                <![CDATA["Purchase the Order From Ecommerce Website"]]>
              </value>
            </param>
          </params>
          <reporter-output>
          </reporter-output>
        </test-method> <!-- runScenario -->
        <test-method status="PASS" signature="tearDownClass()[pri:0, instance:cucumber.TestNGTestRunner@56ac3a89]" name="tearDownClass" is-config="true" duration-ms="34" started-at="2023-08-17T15:22:24Z" finished-at="2023-08-17T15:22:24Z">
          <reporter-output>
          </reporter-output>
        </test-method> <!-- tearDownClass -->
      </class> <!-- cucumber.TestNGTestRunner -->
    </test> <!-- Surefire test -->
  </suite> <!-- Surefire suite -->
</testng-results>
