<?xml version="1.0" encoding="UTF-8"?>
<testng-results skipped="1" failed="1" ignored="0" total="6" passed="4">
  <reporter-output>
  </reporter-output>
  <suite name="Suite" duration-ms="74744" started-at="2023-07-31T19:05:31Z" finished-at="2023-07-31T19:06:46Z">
    <groups>
      <group name="Purchase">
        <method signature="SubmitOrderTest.submitOrder(java.util.HashMap)[pri:0, instance:nTech.SeleniumFrameworkDesign.SubmitOrderTest@be35cd9]" name="submitOrder" class="nTech.SeleniumFrameworkDesign.SubmitOrderTest"/>
      </group> <!-- Purchase -->
      <group name="ErrorHandling">
        <method signature="ErrorValidationsTest.LoginErrorValidation()[pri:0, instance:nTech.SeleniumFrameworkDesign.ErrorValidationsTest@6c130c45]" name="LoginErrorValidation" class="nTech.SeleniumFrameworkDesign.ErrorValidationsTest"/>
        <method signature="ErrorValidationsTest.ProductErrorValidation()[pri:0, instance:nTech.SeleniumFrameworkDesign.ErrorValidationsTest@6c130c45]" name="ProductErrorValidation" class="nTech.SeleniumFrameworkDesign.ErrorValidationsTest"/>
      </group> <!-- ErrorHandling -->
    </groups>
    <test name="Submit Order Test" duration-ms="40023" started-at="2023-07-31T19:05:31Z" finished-at="2023-07-31T19:06:11Z">
      <class name="nTech.SeleniumFrameworkDesign.SubmitOrderTest">
        <test-method status="PASS" signature="launchApplication()[pri:0, instance:nTech.SeleniumFrameworkDesign.SubmitOrderTest@be35cd9]" name="launchApplication" is-config="true" duration-ms="7828" started-at="2023-07-31T19:05:32Z" finished-at="2023-07-31T19:05:39Z">
          <reporter-output>
          </reporter-output>
        </test-method> <!-- launchApplication -->
        <test-method status="PASS" signature="submitOrder(java.util.HashMap)[pri:0, instance:nTech.SeleniumFrameworkDesign.SubmitOrderTest@be35cd9]" name="submitOrder" duration-ms="5831" started-at="2023-07-31T19:05:39Z" data-provider="getData" finished-at="2023-07-31T19:05:45Z">
          <params>
            <param index="0">
              <value>
                <![CDATA[{password=Jelly@123, product=ADIDAS ORIGINAL, email=nuwan@gmail.com}]]>
              </value>
            </param>
          </params>
          <reporter-output>
          </reporter-output>
        </test-method> <!-- submitOrder -->
        <test-method status="PASS" signature="closeBrowser()[pri:0, instance:nTech.SeleniumFrameworkDesign.SubmitOrderTest@be35cd9]" name="closeBrowser" is-config="true" duration-ms="136" started-at="2023-07-31T19:05:45Z" finished-at="2023-07-31T19:05:45Z">
          <reporter-output>
          </reporter-output>
        </test-method> <!-- closeBrowser -->
        <test-method status="PASS" signature="launchApplication()[pri:0, instance:nTech.SeleniumFrameworkDesign.SubmitOrderTest@be35cd9]" name="launchApplication" is-config="true" duration-ms="9730" started-at="2023-07-31T19:05:45Z" finished-at="2023-07-31T19:05:55Z">
          <reporter-output>
          </reporter-output>
        </test-method> <!-- launchApplication -->
        <test-method status="PASS" signature="submitOrder(java.util.HashMap)[pri:0, instance:nTech.SeleniumFrameworkDesign.SubmitOrderTest@be35cd9]" name="submitOrder" duration-ms="5885" started-at="2023-07-31T19:05:55Z" data-provider="getData" finished-at="2023-07-31T19:06:01Z">
          <params>
            <param index="0">
              <value>
                <![CDATA[{password=Kitkat123, product=ZARA COAT 3, email=nethkantha@gmail.com}]]>
              </value>
            </param>
          </params>
          <reporter-output>
          </reporter-output>
        </test-method> <!-- submitOrder -->
        <test-method status="PASS" signature="closeBrowser()[pri:0, instance:nTech.SeleniumFrameworkDesign.SubmitOrderTest@be35cd9]" name="closeBrowser" is-config="true" duration-ms="123" started-at="2023-07-31T19:06:01Z" finished-at="2023-07-31T19:06:01Z">
          <reporter-output>
          </reporter-output>
        </test-method> <!-- closeBrowser -->
        <test-method status="PASS" signature="launchApplication()[pri:0, instance:nTech.SeleniumFrameworkDesign.SubmitOrderTest@be35cd9]" name="launchApplication" is-config="true" duration-ms="8911" started-at="2023-07-31T19:06:01Z" finished-at="2023-07-31T19:06:10Z">
          <reporter-output>
          </reporter-output>
        </test-method> <!-- launchApplication -->
        <test-method status="PASS" signature="OrderHistoryTest()[pri:0, instance:nTech.SeleniumFrameworkDesign.SubmitOrderTest@be35cd9]" name="OrderHistoryTest" duration-ms="1245" started-at="2023-07-31T19:06:10Z" depends-on-methods="nTech.SeleniumFrameworkDesign.SubmitOrderTest.submitOrder" finished-at="2023-07-31T19:06:11Z">
          <reporter-output>
          </reporter-output>
        </test-method> <!-- OrderHistoryTest -->
        <test-method status="PASS" signature="closeBrowser()[pri:0, instance:nTech.SeleniumFrameworkDesign.SubmitOrderTest@be35cd9]" name="closeBrowser" is-config="true" duration-ms="82" started-at="2023-07-31T19:06:11Z" finished-at="2023-07-31T19:06:11Z">
          <reporter-output>
          </reporter-output>
        </test-method> <!-- closeBrowser -->
      </class> <!-- nTech.SeleniumFrameworkDesign.SubmitOrderTest -->
    </test> <!-- Submit Order Test -->
    <test name="Error Validations Test" duration-ms="33932" started-at="2023-07-31T19:06:12Z" finished-at="2023-07-31T19:06:46Z">
      <class name="nTech.SeleniumFrameworkDesign.ErrorValidationsTest">
        <test-method status="PASS" signature="launchApplication()[pri:0, instance:nTech.SeleniumFrameworkDesign.ErrorValidationsTest@6c130c45]" name="launchApplication" is-config="true" duration-ms="7451" started-at="2023-07-31T19:06:12Z" finished-at="2023-07-31T19:06:20Z">
          <reporter-output>
          </reporter-output>
        </test-method> <!-- launchApplication -->
        <test-method status="SKIP" signature="LoginErrorValidation()[pri:0, instance:nTech.SeleniumFrameworkDesign.ErrorValidationsTest@6c130c45]" name="LoginErrorValidation" duration-ms="1226" started-at="2023-07-31T19:06:20Z" finished-at="2023-07-31T19:06:21Z">
          <exception class="java.lang.AssertionError">
            <message>
              <![CDATA[expected [Incorrect email password.] but found [Incorrect email or password.]]]>
            </message>
            <full-stacktrace>
              <![CDATA[java.lang.AssertionError: expected [Incorrect email password.] but found [Incorrect email or password.]
at org.testng.Assert.fail(Assert.java:96)
at org.testng.Assert.failNotEquals(Assert.java:776)
at org.testng.Assert.assertEqualsImpl(Assert.java:137)
at org.testng.Assert.assertEquals(Assert.java:118)
at org.testng.Assert.assertEquals(Assert.java:453)
at org.testng.Assert.assertEquals(Assert.java:463)
at nTech.SeleniumFrameworkDesign.ErrorValidationsTest.LoginErrorValidation(ErrorValidationsTest.java:24)
at sun.reflect.NativeMethodAccessorImpl.invoke0(Native Method)
at sun.reflect.NativeMethodAccessorImpl.invoke(NativeMethodAccessorImpl.java:62)
at sun.reflect.DelegatingMethodAccessorImpl.invoke(DelegatingMethodAccessorImpl.java:43)
at java.lang.reflect.Method.invoke(Method.java:498)
at org.testng.internal.MethodInvocationHelper.invokeMethod(MethodInvocationHelper.java:124)
at org.testng.internal.Invoker.invokeMethod(Invoker.java:583)
at org.testng.internal.Invoker.invokeTestMethod(Invoker.java:719)
at org.testng.internal.Invoker.invokeTestMethods(Invoker.java:989)
at org.testng.internal.TestMethodWorker.invokeTestMethods(TestMethodWorker.java:125)
at org.testng.internal.TestMethodWorker.run(TestMethodWorker.java:109)
at org.testng.TestRunner.privateRun(TestRunner.java:648)
at org.testng.TestRunner.run(TestRunner.java:505)
at org.testng.SuiteRunner.runTest(SuiteRunner.java:455)
at org.testng.SuiteRunner.runSequentially(SuiteRunner.java:450)
at org.testng.SuiteRunner.privateRun(SuiteRunner.java:415)
at org.testng.SuiteRunner.run(SuiteRunner.java:364)
at org.testng.SuiteRunnerWorker.runSuite(SuiteRunnerWorker.java:52)
at org.testng.SuiteRunnerWorker.run(SuiteRunnerWorker.java:84)
at org.testng.TestNG.runSuitesSequentially(TestNG.java:1208)
at org.testng.TestNG.runSuitesLocally(TestNG.java:1137)
at org.testng.TestNG.runSuites(TestNG.java:1049)
at org.testng.TestNG.run(TestNG.java:1017)
at org.apache.maven.surefire.testng.TestNGExecutor.run(TestNGExecutor.java:308)
at org.apache.maven.surefire.testng.TestNGXmlTestSuite.execute(TestNGXmlTestSuite.java:71)
at org.apache.maven.surefire.testng.TestNGProvider.invoke(TestNGProvider.java:113)
at org.apache.maven.surefire.booter.ForkedBooter.runSuitesInProcess(ForkedBooter.java:385)
at org.apache.maven.surefire.booter.ForkedBooter.execute(ForkedBooter.java:162)
at org.apache.maven.surefire.booter.ForkedBooter.run(ForkedBooter.java:507)
at org.apache.maven.surefire.booter.ForkedBooter.main(ForkedBooter.java:495)
]]>
            </full-stacktrace>
          </exception> <!-- java.lang.AssertionError -->
          <reporter-output>
          </reporter-output>
        </test-method> <!-- LoginErrorValidation -->
        <test-method status="PASS" signature="closeBrowser()[pri:0, instance:nTech.SeleniumFrameworkDesign.ErrorValidationsTest@6c130c45]" name="closeBrowser" is-config="true" duration-ms="121" started-at="2023-07-31T19:06:21Z" finished-at="2023-07-31T19:06:21Z">
          <reporter-output>
          </reporter-output>
        </test-method> <!-- closeBrowser -->
        <test-method status="PASS" signature="launchApplication()[pri:0, instance:nTech.SeleniumFrameworkDesign.ErrorValidationsTest@6c130c45]" name="launchApplication" is-config="true" duration-ms="6392" started-at="2023-07-31T19:06:21Z" finished-at="2023-07-31T19:06:27Z">
          <reporter-output>
          </reporter-output>
        </test-method> <!-- launchApplication -->
        <test-method status="FAIL" signature="LoginErrorValidation()[pri:0, instance:nTech.SeleniumFrameworkDesign.ErrorValidationsTest@6c130c45]" name="LoginErrorValidation" duration-ms="1237" started-at="2023-07-31T19:06:27Z" finished-at="2023-07-31T19:06:29Z">
          <exception class="java.lang.AssertionError">
            <message>
              <![CDATA[expected [Incorrect email password.] but found [Incorrect email or password.]]]>
            </message>
            <full-stacktrace>
              <![CDATA[java.lang.AssertionError: expected [Incorrect email password.] but found [Incorrect email or password.]
at org.testng.Assert.fail(Assert.java:96)
at org.testng.Assert.failNotEquals(Assert.java:776)
at org.testng.Assert.assertEqualsImpl(Assert.java:137)
at org.testng.Assert.assertEquals(Assert.java:118)
at org.testng.Assert.assertEquals(Assert.java:453)
at org.testng.Assert.assertEquals(Assert.java:463)
at nTech.SeleniumFrameworkDesign.ErrorValidationsTest.LoginErrorValidation(ErrorValidationsTest.java:24)
at sun.reflect.NativeMethodAccessorImpl.invoke0(Native Method)
at sun.reflect.NativeMethodAccessorImpl.invoke(NativeMethodAccessorImpl.java:62)
at sun.reflect.DelegatingMethodAccessorImpl.invoke(DelegatingMethodAccessorImpl.java:43)
at java.lang.reflect.Method.invoke(Method.java:498)
at org.testng.internal.MethodInvocationHelper.invokeMethod(MethodInvocationHelper.java:124)
at org.testng.internal.Invoker.invokeMethod(Invoker.java:583)
at org.testng.internal.Invoker.retryFailed(Invoker.java:839)
at org.testng.internal.Invoker.invokeTestMethods(Invoker.java:1010)
at org.testng.internal.TestMethodWorker.invokeTestMethods(TestMethodWorker.java:125)
at org.testng.internal.TestMethodWorker.run(TestMethodWorker.java:109)
at org.testng.TestRunner.privateRun(TestRunner.java:648)
at org.testng.TestRunner.run(TestRunner.java:505)
at org.testng.SuiteRunner.runTest(SuiteRunner.java:455)
at org.testng.SuiteRunner.runSequentially(SuiteRunner.java:450)
at org.testng.SuiteRunner.privateRun(SuiteRunner.java:415)
at org.testng.SuiteRunner.run(SuiteRunner.java:364)
at org.testng.SuiteRunnerWorker.runSuite(SuiteRunnerWorker.java:52)
at org.testng.SuiteRunnerWorker.run(SuiteRunnerWorker.java:84)
at org.testng.TestNG.runSuitesSequentially(TestNG.java:1208)
at org.testng.TestNG.runSuitesLocally(TestNG.java:1137)
at org.testng.TestNG.runSuites(TestNG.java:1049)
at org.testng.TestNG.run(TestNG.java:1017)
at org.apache.maven.surefire.testng.TestNGExecutor.run(TestNGExecutor.java:308)
at org.apache.maven.surefire.testng.TestNGXmlTestSuite.execute(TestNGXmlTestSuite.java:71)
at org.apache.maven.surefire.testng.TestNGProvider.invoke(TestNGProvider.java:113)
at org.apache.maven.surefire.booter.ForkedBooter.runSuitesInProcess(ForkedBooter.java:385)
at org.apache.maven.surefire.booter.ForkedBooter.execute(ForkedBooter.java:162)
at org.apache.maven.surefire.booter.ForkedBooter.run(ForkedBooter.java:507)
at org.apache.maven.surefire.booter.ForkedBooter.main(ForkedBooter.java:495)
]]>
            </full-stacktrace>
          </exception> <!-- java.lang.AssertionError -->
          <reporter-output>
          </reporter-output>
        </test-method> <!-- LoginErrorValidation -->
        <test-method status="PASS" signature="closeBrowser()[pri:0, instance:nTech.SeleniumFrameworkDesign.ErrorValidationsTest@6c130c45]" name="closeBrowser" is-config="true" duration-ms="99" started-at="2023-07-31T19:06:29Z" finished-at="2023-07-31T19:06:29Z">
          <reporter-output>
          </reporter-output>
        </test-method> <!-- closeBrowser -->
        <test-method status="PASS" signature="launchApplication()[pri:0, instance:nTech.SeleniumFrameworkDesign.ErrorValidationsTest@6c130c45]" name="launchApplication" is-config="true" duration-ms="12135" started-at="2023-07-31T19:06:29Z" finished-at="2023-07-31T19:06:41Z">
          <reporter-output>
          </reporter-output>
        </test-method> <!-- launchApplication -->
        <test-method status="PASS" signature="ProductErrorValidation()[pri:0, instance:nTech.SeleniumFrameworkDesign.ErrorValidationsTest@6c130c45]" name="ProductErrorValidation" duration-ms="4619" started-at="2023-07-31T19:06:41Z" finished-at="2023-07-31T19:06:46Z">
          <reporter-output>
          </reporter-output>
        </test-method> <!-- ProductErrorValidation -->
        <test-method status="PASS" signature="closeBrowser()[pri:0, instance:nTech.SeleniumFrameworkDesign.ErrorValidationsTest@6c130c45]" name="closeBrowser" is-config="true" duration-ms="96" started-at="2023-07-31T19:06:46Z" finished-at="2023-07-31T19:06:46Z">
          <reporter-output>
          </reporter-output>
        </test-method> <!-- closeBrowser -->
      </class> <!-- nTech.SeleniumFrameworkDesign.ErrorValidationsTest -->
    </test> <!-- Error Validations Test -->
  </suite> <!-- Suite -->
</testng-results>
