<?xml version="1.0" encoding="UTF-8"?>
<!-- Generated by org.testng.reporters.JUnitXMLReporter -->
<testsuite ignored="0" hostname="Dell_16_Nuwan" failures="0" tests="2" name="Default test" time="28.972" errors="0" timestamp="14 Jul 2023 15:24:27 GMT">
  <testcase classname="nTech.SeleniumFrameworkDesign.ErrorValidationsTest" name="LoginErrorValidation" time="1.169"/>
  <testcase classname="nTech.SeleniumFrameworkDesign.ErrorValidationsTest" name="ProductErrorValidation" time="4.298"/>
</testsuite> <!-- Default test -->
