<?xml version="1.0" encoding="UTF-8"?>
<!-- Generated by org.testng.reporters.JUnitXMLReporter -->
<testsuite hostname="Dell_16_Nuwan" ignored="0" name="Error Validations Test" tests="3" failures="1" timestamp="31 Jul 2023 19:06:46 GMT" time="33.932" errors="0">
  <testcase name="LoginErrorValidation" time="1.226" classname="nTech.SeleniumFrameworkDesign.ErrorValidationsTest">
    <skipped/>
  </testcase> <!-- LoginErrorValidation -->
  <testcase name="LoginErrorValidation" time="1.237" classname="nTech.SeleniumFrameworkDesign.ErrorValidationsTest">
    <failure type="java.lang.AssertionError" message="expected [Incorrect email password.] but found [Incorrect email or password.]">
      <![CDATA[java.lang.AssertionError: expected [Incorrect email password.] but found [Incorrect email or password.]
at nTech.SeleniumFrameworkDesign.ErrorValidationsTest.LoginErrorValidation(ErrorValidationsTest.java:24)
... Removed 35 stack frames]]>
    </failure>
  </testcase> <!-- LoginErrorValidation -->
  <testcase name="ProductErrorValidation" time="4.619" classname="nTech.SeleniumFrameworkDesign.ErrorValidationsTest"/>
</testsuite> <!-- Error Validations Test -->
