<?xml version="1.0" encoding="UTF-8"?>
<!-- Generated by org.testng.reporters.JUnitXMLReporter -->
<testsuite hostname="Dell_16_Nuwan" ignored="0" name="Submit Order Test" tests="3" failures="0" timestamp="31 Jul 2023 19:06:11 GMT" time="40.023" errors="0">
  <testcase name="submitOrder" time="5.831" classname="nTech.SeleniumFrameworkDesign.SubmitOrderTest"/>
  <testcase name="submitOrder" time="5.885" classname="nTech.SeleniumFrameworkDesign.SubmitOrderTest"/>
  <testcase name="OrderHistoryTest" time="1.245" classname="nTech.SeleniumFrameworkDesign.SubmitOrderTest"/>
</testsuite> <!-- Submit Order Test -->
